<?xml version="1.0" encoding="UTF-8"?>
<testsuite name="jpabook.jpashop.service.MemberServiceTest" tests="3" skipped="0" failures="0" errors="0" timestamp="2020-05-21T09:55:25" hostname="MacBook-Pro.local" time="0.263">
  <properties/>
  <testcase name="REGISTER_MEMBER" classname="jpabook.jpashop.service.MemberServiceTest" time="0.218"/>
  <testcase name="DUPLICATED_REGISTER_MEMBER_ID" classname="jpabook.jpashop.service.MemberServiceTest" time="0.019"/>
  <testcase name="DUPLICATED_REGISTER_MEMBER_EMAIL_ADDRESS" classname="jpabook.jpashop.service.MemberServiceTest" time="0.025"/>
  <system-out><![CDATA[2020-05-21 18:55:25.437  INFO 867 --- [    Test worker] .b.t.c.SpringBootTestContextBootstrapper : Neither @ContextConfiguration nor @ContextHierarchy found for test class [jpabook.jpashop.service.MemberServiceTest], using SpringBootContextLoader
2020-05-21 18:55:25.438  INFO 867 --- [    Test worker] o.s.t.c.support.AbstractContextLoader    : Could not detect default resource locations for test class [jpabook.jpashop.service.MemberServiceTest]: no resource found for suffixes {-context.xml, Context.groovy}.
2020-05-21 18:55:25.438  INFO 867 --- [    Test worker] t.c.s.AnnotationConfigContextLoaderUtils : Could not detect default configuration classes for test class [jpabook.jpashop.service.MemberServiceTest]: MemberServiceTest does not declare any static, non-private, non-final, nested classes annotated with @Configuration.
2020-05-21 18:55:25.441  INFO 867 --- [    Test worker] .b.t.c.SpringBootTestContextBootstrapper : Found @SpringBootConfiguration jpabook.jpashop.JpashopApplication for test class jpabook.jpashop.service.MemberServiceTest
2020-05-21 18:55:25.443  INFO 867 --- [    Test worker] .b.t.c.SpringBootTestContextBootstrapper : Loaded default TestExecutionListener class names from location [META-INF/spring.factories]: [org.springframework.security.test.context.support.WithSecurityContextTestExecutionListener, org.springframework.security.test.context.support.ReactorContextTestExecutionListener, org.springframework.boot.test.autoconfigure.restdocs.RestDocsTestExecutionListener, org.springframework.boot.test.autoconfigure.web.client.MockRestServiceServerResetTestExecutionListener, org.springframework.boot.test.autoconfigure.web.servlet.MockMvcPrintOnlyOnFailureTestExecutionListener, org.springframework.boot.test.autoconfigure.web.servlet.WebDriverTestExecutionListener, org.springframework.boot.test.mock.mockito.MockitoTestExecutionListener, org.springframework.boot.test.mock.mockito.ResetMocksTestExecutionListener, org.springframework.test.context.web.ServletTestExecutionListener, org.springframework.test.context.support.DirtiesContextBeforeModesTestExecutionListener, org.springframework.test.context.support.DependencyInjectionTestExecutionListener, org.springframework.test.context.support.DirtiesContextTestExecutionListener, org.springframework.test.context.transaction.TransactionalTestExecutionListener, org.springframework.test.context.jdbc.SqlScriptsTestExecutionListener]
2020-05-21 18:55:25.444  INFO 867 --- [    Test worker] .b.t.c.SpringBootTestContextBootstrapper : Using TestExecutionListeners: [org.springframework.test.context.web.ServletTestExecutionListener@71a275d8, org.springframework.test.context.support.DirtiesContextBeforeModesTestExecutionListener@1f93030c, org.springframework.boot.test.mock.mockito.MockitoTestExecutionListener@27a6afdc, org.springframework.boot.test.autoconfigure.SpringBootDependencyInjectionTestExecutionListener@20b71593, org.springframework.test.context.support.DirtiesContextTestExecutionListener@42d9a8e8, org.springframework.test.context.transaction.TransactionalTestExecutionListener@455548dc, org.springframework.test.context.jdbc.SqlScriptsTestExecutionListener@571fd7e5, org.springframework.security.test.context.support.WithSecurityContextTestExecutionListener@4f9c5b18, org.springframework.security.test.context.support.ReactorContextTestExecutionListener@408d24eb, org.springframework.boot.test.autoconfigure.restdocs.RestDocsTestExecutionListener@2f71878e, org.springframework.boot.test.autoconfigure.web.client.MockRestServiceServerResetTestExecutionListener@6f8dd7a, org.springframework.boot.test.autoconfigure.web.servlet.MockMvcPrintOnlyOnFailureTestExecutionListener@2b110226, org.springframework.boot.test.autoconfigure.web.servlet.WebDriverTestExecutionListener@212c1d3, org.springframework.boot.test.mock.mockito.ResetMocksTestExecutionListener@21fc7be8]
2020-05-21 18:55:25.449  INFO 867 --- [    Test worker] o.s.t.c.transaction.TransactionContext   : Began transaction (1) for test context [DefaultTestContext@586d36c0 testClass = MemberServiceTest, testInstance = jpabook.jpashop.service.MemberServiceTest@6436125c, testMethod = REGISTER_MEMBER@MemberServiceTest, testException = [null], mergedContextConfiguration = [WebMergedContextConfiguration@4033aaf testClass = MemberServiceTest, locations = '{}', classes = '{class jpabook.jpashop.JpashopApplication}', contextInitializerClasses = '[]', activeProfiles = '{}', propertySourceLocations = '{}', propertySourceProperties = '{org.springframework.boot.test.context.SpringBootTestContextBootstrapper=true}', contextCustomizers = set[org.springframework.boot.test.autoconfigure.properties.PropertyMappingContextCustomizer@0, org.springframework.boot.test.autoconfigure.web.servlet.WebDriverContextCustomizerFactory$Customizer@68d358ff, org.springframework.boot.test.context.filter.ExcludeFilterContextCustomizer@5865d8de, org.springframework.boot.test.json.DuplicateJsonObjectContextCustomizerFactory$DuplicateJsonObjectContextCustomizer@65f77f9e, org.springframework.boot.test.mock.mockito.MockitoContextCustomizer@0, org.springframework.boot.test.web.client.TestRestTemplateContextCustomizer@289c7f3a], resourceBasePath = 'src/main/webapp', contextLoader = 'org.springframework.boot.test.context.SpringBootContextLoader', parent = [null]], attributes = map['org.springframework.test.context.web.ServletTestExecutionListener.activateListener' -> true, 'org.springframework.test.context.web.ServletTestExecutionListener.populatedRequestContextHolder' -> true, 'org.springframework.test.context.web.ServletTestExecutionListener.resetRequestContextHolder' -> true]]; transaction manager [org.springframework.orm.jpa.JpaTransactionManager@13864a0b]; rollback [false]
2020-05-21 18:55:25.480  INFO 867 --- [    Test worker] o.h.h.i.QueryTranslatorFactoryInitiator  : HHH000397: Using ASTQueryTranslatorFactory
2020-05-21 18:55:25.623 DEBUG 867 --- [    Test worker] org.hibernate.SQL                        : select member0_.member_id as member_i1_3_, member0_.department as departme2_3_, member0_.email_address as email_ad3_3_, member0_.first_name as first_na4_3_, member0_.group_allocation as group_al5_3_, member0_.last_name as last_nam6_3_, member0_.name as name7_3_, member0_.notes as notes8_3_, member0_.pathway as pathway9_3_, member0_.priority as priorit10_3_, member0_.research_group as researc11_3_, member0_.role as role12_3_, member0_.status as status13_3_, member0_.supervisor as supervi14_3_ from member member0_ where member0_.name=?
2020-05-21 18:55:25.627 TRACE 867 --- [    Test worker] o.h.type.descriptor.sql.BasicBinder      : binding parameter [1] as [VARCHAR] - [jp17528]
2020-05-21 18:55:25.629  INFO 867 --- [    Test worker] p6spy                                    : #1590054925629 | took 0ms | statement | connection 9| url jdbc:h2:mem:testdb
select member0_.member_id as member_i1_3_, member0_.department as departme2_3_, member0_.email_address as email_ad3_3_, member0_.first_name as first_na4_3_, member0_.group_allocation as group_al5_3_, member0_.last_name as last_nam6_3_, member0_.name as name7_3_, member0_.notes as notes8_3_, member0_.pathway as pathway9_3_, member0_.priority as priorit10_3_, member0_.research_group as researc11_3_, member0_.role as role12_3_, member0_.status as status13_3_, member0_.supervisor as supervi14_3_ from member member0_ where member0_.name=?
select member0_.member_id as member_i1_3_, member0_.department as departme2_3_, member0_.email_address as email_ad3_3_, member0_.first_name as first_na4_3_, member0_.group_allocation as group_al5_3_, member0_.last_name as last_nam6_3_, member0_.name as name7_3_, member0_.notes as notes8_3_, member0_.pathway as pathway9_3_, member0_.priority as priorit10_3_, member0_.research_group as researc11_3_, member0_.role as role12_3_, member0_.status as status13_3_, member0_.supervisor as supervi14_3_ from member member0_ where member0_.name='jp17528';
2020-05-21 18:55:25.636 DEBUG 867 --- [    Test worker] org.hibernate.SQL                        : select member0_.member_id as member_i1_3_, member0_.department as departme2_3_, member0_.email_address as email_ad3_3_, member0_.first_name as first_na4_3_, member0_.group_allocation as group_al5_3_, member0_.last_name as last_nam6_3_, member0_.name as name7_3_, member0_.notes as notes8_3_, member0_.pathway as pathway9_3_, member0_.priority as priorit10_3_, member0_.research_group as researc11_3_, member0_.role as role12_3_, member0_.status as status13_3_, member0_.supervisor as supervi14_3_ from member member0_ where member0_.email_address=?
2020-05-21 18:55:25.637 TRACE 867 --- [    Test worker] o.h.type.descriptor.sql.BasicBinder      : binding parameter [1] as [VARCHAR] - [null]
2020-05-21 18:55:25.637  INFO 867 --- [    Test worker] p6spy                                    : #1590054925637 | took 0ms | statement | connection 9| url jdbc:h2:mem:testdb
select member0_.member_id as member_i1_3_, member0_.department as departme2_3_, member0_.email_address as email_ad3_3_, member0_.first_name as first_na4_3_, member0_.group_allocation as group_al5_3_, member0_.last_name as last_nam6_3_, member0_.name as name7_3_, member0_.notes as notes8_3_, member0_.pathway as pathway9_3_, member0_.priority as priorit10_3_, member0_.research_group as researc11_3_, member0_.role as role12_3_, member0_.status as status13_3_, member0_.supervisor as supervi14_3_ from member member0_ where member0_.email_address=?
select member0_.member_id as member_i1_3_, member0_.department as departme2_3_, member0_.email_address as email_ad3_3_, member0_.first_name as first_na4_3_, member0_.group_allocation as group_al5_3_, member0_.last_name as last_nam6_3_, member0_.name as name7_3_, member0_.notes as notes8_3_, member0_.pathway as pathway9_3_, member0_.priority as priorit10_3_, member0_.research_group as researc11_3_, member0_.role as role12_3_, member0_.status as status13_3_, member0_.supervisor as supervi14_3_ from member member0_ where member0_.email_address=NULL;
2020-05-21 18:55:25.638 DEBUG 867 --- [    Test worker] org.hibernate.SQL                        : call next value for hibernate_sequence
2020-05-21 18:55:25.638  INFO 867 --- [    Test worker] p6spy                                    : #1590054925638 | took 0ms | statement | connection 9| url jdbc:h2:mem:testdb
call next value for hibernate_sequence
call next value for hibernate_sequence;
2020-05-21 18:55:25.650 DEBUG 867 --- [    Test worker] org.hibernate.SQL                        : insert into member (department, email_address, first_name, group_allocation, last_name, name, notes, pathway, priority, research_group, role, status, supervisor, member_id) values (?, ?, ?, ?, ?, ?, ?, ?, ?, ?, ?, ?, ?, ?)
2020-05-21 18:55:25.651 TRACE 867 --- [    Test worker] o.h.type.descriptor.sql.BasicBinder      : binding parameter [1] as [VARCHAR] - [null]
2020-05-21 18:55:25.652 TRACE 867 --- [    Test worker] o.h.type.descriptor.sql.BasicBinder      : binding parameter [2] as [VARCHAR] - [null]
2020-05-21 18:55:25.652 TRACE 867 --- [    Test worker] o.h.type.descriptor.sql.BasicBinder      : binding parameter [3] as [VARCHAR] - [null]
2020-05-21 18:55:25.652 TRACE 867 --- [    Test worker] o.h.type.descriptor.sql.BasicBinder      : binding parameter [4] as [VARCHAR] - [null]
2020-05-21 18:55:25.652 TRACE 867 --- [    Test worker] o.h.type.descriptor.sql.BasicBinder      : binding parameter [5] as [VARCHAR] - [null]
2020-05-21 18:55:25.653 TRACE 867 --- [    Test worker] o.h.type.descriptor.sql.BasicBinder      : binding parameter [6] as [VARCHAR] - [jp17528]
2020-05-21 18:55:25.653 TRACE 867 --- [    Test worker] o.h.type.descriptor.sql.BasicBinder      : binding parameter [7] as [VARCHAR] - [null]
2020-05-21 18:55:25.654 TRACE 867 --- [    Test worker] o.h.type.descriptor.sql.BasicBinder      : binding parameter [8] as [VARCHAR] - [null]
2020-05-21 18:55:25.654 TRACE 867 --- [    Test worker] o.h.type.descriptor.sql.BasicBinder      : binding parameter [9] as [VARCHAR] - [null]
2020-05-21 18:55:25.654 TRACE 867 --- [    Test worker] o.h.type.descriptor.sql.BasicBinder      : binding parameter [10] as [VARCHAR] - [null]
2020-05-21 18:55:25.654 TRACE 867 --- [    Test worker] o.h.type.descriptor.sql.BasicBinder      : binding parameter [11] as [VARCHAR] - [null]
2020-05-21 18:55:25.655 TRACE 867 --- [    Test worker] o.h.type.descriptor.sql.BasicBinder      : binding parameter [13] as [VARCHAR] - [null]
2020-05-21 18:55:25.656 TRACE 867 --- [    Test worker] o.h.type.descriptor.sql.BasicBinder      : binding parameter [14] as [BIGINT] - [11]
2020-05-21 18:55:25.658  INFO 867 --- [    Test worker] p6spy                                    : #1590054925658 | took 2ms | statement | connection 9| url jdbc:h2:mem:testdb
insert into member (department, email_address, first_name, group_allocation, last_name, name, notes, pathway, priority, research_group, role, status, supervisor, member_id) values (?, ?, ?, ?, ?, ?, ?, ?, ?, ?, ?, ?, ?, ?)
insert into member (department, email_address, first_name, group_allocation, last_name, name, notes, pathway, priority, research_group, role, status, supervisor, member_id) values (NULL, NULL, NULL, NULL, NULL, 'jp17528', NULL, NULL, NULL, NULL, NULL, NULL, NULL, 11);
2020-05-21 18:55:25.664  INFO 867 --- [    Test worker] p6spy                                    : #1590054925664 | took 0ms | commit | connection 9| url jdbc:h2:mem:testdb

;
2020-05-21 18:55:25.665  INFO 867 --- [    Test worker] o.s.t.c.transaction.TransactionContext   : Committed transaction for test: [DefaultTestContext@586d36c0 testClass = MemberServiceTest, testInstance = jpabook.jpashop.service.MemberServiceTest@6436125c, testMethod = REGISTER_MEMBER@MemberServiceTest, testException = [null], mergedContextConfiguration = [WebMergedContextConfiguration@4033aaf testClass = MemberServiceTest, locations = '{}', classes = '{class jpabook.jpashop.JpashopApplication}', contextInitializerClasses = '[]', activeProfiles = '{}', propertySourceLocations = '{}', propertySourceProperties = '{org.springframework.boot.test.context.SpringBootTestContextBootstrapper=true}', contextCustomizers = set[org.springframework.boot.test.autoconfigure.properties.PropertyMappingContextCustomizer@0, org.springframework.boot.test.autoconfigure.web.servlet.WebDriverContextCustomizerFactory$Customizer@68d358ff, org.springframework.boot.test.context.filter.ExcludeFilterContextCustomizer@5865d8de, org.springframework.boot.test.json.DuplicateJsonObjectContextCustomizerFactory$DuplicateJsonObjectContextCustomizer@65f77f9e, org.springframework.boot.test.mock.mockito.MockitoContextCustomizer@0, org.springframework.boot.test.web.client.TestRestTemplateContextCustomizer@289c7f3a], resourceBasePath = 'src/main/webapp', contextLoader = 'org.springframework.boot.test.context.SpringBootContextLoader', parent = [null]], attributes = map['org.springframework.test.context.web.ServletTestExecutionListener.activateListener' -> true, 'org.springframework.test.context.web.ServletTestExecutionListener.populatedRequestContextHolder' -> true, 'org.springframework.test.context.web.ServletTestExecutionListener.resetRequestContextHolder' -> true]]
2020-05-21 18:55:25.668  INFO 867 --- [    Test worker] o.s.t.c.transaction.TransactionContext   : Began transaction (1) for test context [DefaultTestContext@586d36c0 testClass = MemberServiceTest, testInstance = jpabook.jpashop.service.MemberServiceTest@6c4810ca, testMethod = DUPLICATED_REGISTER_MEMBER_ID@MemberServiceTest, testException = [null], mergedContextConfiguration = [WebMergedContextConfiguration@4033aaf testClass = MemberServiceTest, locations = '{}', classes = '{class jpabook.jpashop.JpashopApplication}', contextInitializerClasses = '[]', activeProfiles = '{}', propertySourceLocations = '{}', propertySourceProperties = '{org.springframework.boot.test.context.SpringBootTestContextBootstrapper=true}', contextCustomizers = set[org.springframework.boot.test.autoconfigure.properties.PropertyMappingContextCustomizer@0, org.springframework.boot.test.autoconfigure.web.servlet.WebDriverContextCustomizerFactory$Customizer@68d358ff, org.springframework.boot.test.context.filter.ExcludeFilterContextCustomizer@5865d8de, org.springframework.boot.test.json.DuplicateJsonObjectContextCustomizerFactory$DuplicateJsonObjectContextCustomizer@65f77f9e, org.springframework.boot.test.mock.mockito.MockitoContextCustomizer@0, org.springframework.boot.test.web.client.TestRestTemplateContextCustomizer@289c7f3a], resourceBasePath = 'src/main/webapp', contextLoader = 'org.springframework.boot.test.context.SpringBootContextLoader', parent = [null]], attributes = map['org.springframework.test.context.web.ServletTestExecutionListener.activateListener' -> true, 'org.springframework.test.context.web.ServletTestExecutionListener.populatedRequestContextHolder' -> true, 'org.springframework.test.context.web.ServletTestExecutionListener.resetRequestContextHolder' -> true]]; transaction manager [org.springframework.orm.jpa.JpaTransactionManager@13864a0b]; rollback [true]
2020-05-21 18:55:25.670 DEBUG 867 --- [    Test worker] org.hibernate.SQL                        : select member0_.member_id as member_i1_3_, member0_.department as departme2_3_, member0_.email_address as email_ad3_3_, member0_.first_name as first_na4_3_, member0_.group_allocation as group_al5_3_, member0_.last_name as last_nam6_3_, member0_.name as name7_3_, member0_.notes as notes8_3_, member0_.pathway as pathway9_3_, member0_.priority as priorit10_3_, member0_.research_group as researc11_3_, member0_.role as role12_3_, member0_.status as status13_3_, member0_.supervisor as supervi14_3_ from member member0_ where member0_.name=?
2020-05-21 18:55:25.670 TRACE 867 --- [    Test worker] o.h.type.descriptor.sql.BasicBinder      : binding parameter [1] as [VARCHAR] - [jp17528]
2020-05-21 18:55:25.671  INFO 867 --- [    Test worker] p6spy                                    : #1590054925671 | took 0ms | statement | connection 10| url jdbc:h2:mem:testdb
select member0_.member_id as member_i1_3_, member0_.department as departme2_3_, member0_.email_address as email_ad3_3_, member0_.first_name as first_na4_3_, member0_.group_allocation as group_al5_3_, member0_.last_name as last_nam6_3_, member0_.name as name7_3_, member0_.notes as notes8_3_, member0_.pathway as pathway9_3_, member0_.priority as priorit10_3_, member0_.research_group as researc11_3_, member0_.role as role12_3_, member0_.status as status13_3_, member0_.supervisor as supervi14_3_ from member member0_ where member0_.name=?
select member0_.member_id as member_i1_3_, member0_.department as departme2_3_, member0_.email_address as email_ad3_3_, member0_.first_name as first_na4_3_, member0_.group_allocation as group_al5_3_, member0_.last_name as last_nam6_3_, member0_.name as name7_3_, member0_.notes as notes8_3_, member0_.pathway as pathway9_3_, member0_.priority as priorit10_3_, member0_.research_group as researc11_3_, member0_.role as role12_3_, member0_.status as status13_3_, member0_.supervisor as supervi14_3_ from member member0_ where member0_.name='jp17528';
2020-05-21 18:55:25.673 TRACE 867 --- [    Test worker] o.h.type.descriptor.sql.BasicExtractor   : extracted value ([member_i1_3_] : [BIGINT]) - [11]
2020-05-21 18:55:25.676 TRACE 867 --- [    Test worker] o.h.type.descriptor.sql.BasicExtractor   : extracted value ([departme2_3_] : [VARCHAR]) - [null]
2020-05-21 18:55:25.676 TRACE 867 --- [    Test worker] o.h.type.descriptor.sql.BasicExtractor   : extracted value ([email_ad3_3_] : [VARCHAR]) - [null]
2020-05-21 18:55:25.676 TRACE 867 --- [    Test worker] o.h.type.descriptor.sql.BasicExtractor   : extracted value ([first_na4_3_] : [VARCHAR]) - [null]
2020-05-21 18:55:25.676 TRACE 867 --- [    Test worker] o.h.type.descriptor.sql.BasicExtractor   : extracted value ([group_al5_3_] : [VARCHAR]) - [null]
2020-05-21 18:55:25.676 TRACE 867 --- [    Test worker] o.h.type.descriptor.sql.BasicExtractor   : extracted value ([last_nam6_3_] : [VARCHAR]) - [null]
2020-05-21 18:55:25.677 TRACE 867 --- [    Test worker] o.h.type.descriptor.sql.BasicExtractor   : extracted value ([name7_3_] : [VARCHAR]) - [jp17528]
2020-05-21 18:55:25.677 TRACE 867 --- [    Test worker] o.h.type.descriptor.sql.BasicExtractor   : extracted value ([notes8_3_] : [VARCHAR]) - [null]
2020-05-21 18:55:25.677 TRACE 867 --- [    Test worker] o.h.type.descriptor.sql.BasicExtractor   : extracted value ([pathway9_3_] : [VARCHAR]) - [null]
2020-05-21 18:55:25.677 TRACE 867 --- [    Test worker] o.h.type.descriptor.sql.BasicExtractor   : extracted value ([priorit10_3_] : [VARCHAR]) - [null]
2020-05-21 18:55:25.677 TRACE 867 --- [    Test worker] o.h.type.descriptor.sql.BasicExtractor   : extracted value ([researc11_3_] : [VARCHAR]) - [null]
2020-05-21 18:55:25.678 TRACE 867 --- [    Test worker] o.h.type.descriptor.sql.BasicExtractor   : extracted value ([role12_3_] : [VARCHAR]) - [null]
2020-05-21 18:55:25.678 TRACE 867 --- [    Test worker] o.h.type.descriptor.sql.BasicExtractor   : extracted value ([supervi14_3_] : [VARCHAR]) - [null]
2020-05-21 18:55:25.681 TRACE 867 --- [    Test worker] org.hibernate.type.CollectionType        : Created collection wrapper: [jpabook.jpashop.domain.Member.orders#11]
2020-05-21 18:55:25.683  INFO 867 --- [    Test worker] p6spy                                    : #1590054925683 | took 0ms | rollback | connection 10| url jdbc:h2:mem:testdb

;
2020-05-21 18:55:25.684  INFO 867 --- [    Test worker] o.s.t.c.transaction.TransactionContext   : Rolled back transaction for test: [DefaultTestContext@586d36c0 testClass = MemberServiceTest, testInstance = jpabook.jpashop.service.MemberServiceTest@6c4810ca, testMethod = DUPLICATED_REGISTER_MEMBER_ID@MemberServiceTest, testException = [null], mergedContextConfiguration = [WebMergedContextConfiguration@4033aaf testClass = MemberServiceTest, locations = '{}', classes = '{class jpabook.jpashop.JpashopApplication}', contextInitializerClasses = '[]', activeProfiles = '{}', propertySourceLocations = '{}', propertySourceProperties = '{org.springframework.boot.test.context.SpringBootTestContextBootstrapper=true}', contextCustomizers = set[org.springframework.boot.test.autoconfigure.properties.PropertyMappingContextCustomizer@0, org.springframework.boot.test.autoconfigure.web.servlet.WebDriverContextCustomizerFactory$Customizer@68d358ff, org.springframework.boot.test.context.filter.ExcludeFilterContextCustomizer@5865d8de, org.springframework.boot.test.json.DuplicateJsonObjectContextCustomizerFactory$DuplicateJsonObjectContextCustomizer@65f77f9e, org.springframework.boot.test.mock.mockito.MockitoContextCustomizer@0, org.springframework.boot.test.web.client.TestRestTemplateContextCustomizer@289c7f3a], resourceBasePath = 'src/main/webapp', contextLoader = 'org.springframework.boot.test.context.SpringBootContextLoader', parent = [null]], attributes = map['org.springframework.test.context.web.ServletTestExecutionListener.activateListener' -> true, 'org.springframework.test.context.web.ServletTestExecutionListener.populatedRequestContextHolder' -> true, 'org.springframework.test.context.web.ServletTestExecutionListener.resetRequestContextHolder' -> true]]
2020-05-21 18:55:25.688  INFO 867 --- [    Test worker] o.s.t.c.transaction.TransactionContext   : Began transaction (1) for test context [DefaultTestContext@586d36c0 testClass = MemberServiceTest, testInstance = jpabook.jpashop.service.MemberServiceTest@695a8f0e, testMethod = DUPLICATED_REGISTER_MEMBER_EMAIL_ADDRESS@MemberServiceTest, testException = [null], mergedContextConfiguration = [WebMergedContextConfiguration@4033aaf testClass = MemberServiceTest, locations = '{}', classes = '{class jpabook.jpashop.JpashopApplication}', contextInitializerClasses = '[]', activeProfiles = '{}', propertySourceLocations = '{}', propertySourceProperties = '{org.springframework.boot.test.context.SpringBootTestContextBootstrapper=true}', contextCustomizers = set[org.springframework.boot.test.autoconfigure.properties.PropertyMappingContextCustomizer@0, org.springframework.boot.test.autoconfigure.web.servlet.WebDriverContextCustomizerFactory$Customizer@68d358ff, org.springframework.boot.test.context.filter.ExcludeFilterContextCustomizer@5865d8de, org.springframework.boot.test.json.DuplicateJsonObjectContextCustomizerFactory$DuplicateJsonObjectContextCustomizer@65f77f9e, org.springframework.boot.test.mock.mockito.MockitoContextCustomizer@0, org.springframework.boot.test.web.client.TestRestTemplateContextCustomizer@289c7f3a], resourceBasePath = 'src/main/webapp', contextLoader = 'org.springframework.boot.test.context.SpringBootContextLoader', parent = [null]], attributes = map['org.springframework.test.context.web.ServletTestExecutionListener.activateListener' -> true, 'org.springframework.test.context.web.ServletTestExecutionListener.populatedRequestContextHolder' -> true, 'org.springframework.test.context.web.ServletTestExecutionListener.resetRequestContextHolder' -> true]]; transaction manager [org.springframework.orm.jpa.JpaTransactionManager@13864a0b]; rollback [true]
2020-05-21 18:55:25.689 DEBUG 867 --- [    Test worker] org.hibernate.SQL                        : select member0_.member_id as member_i1_3_, member0_.department as departme2_3_, member0_.email_address as email_ad3_3_, member0_.first_name as first_na4_3_, member0_.group_allocation as group_al5_3_, member0_.last_name as last_nam6_3_, member0_.name as name7_3_, member0_.notes as notes8_3_, member0_.pathway as pathway9_3_, member0_.priority as priorit10_3_, member0_.research_group as researc11_3_, member0_.role as role12_3_, member0_.status as status13_3_, member0_.supervisor as supervi14_3_ from member member0_ where member0_.name=?
2020-05-21 18:55:25.690 TRACE 867 --- [    Test worker] o.h.type.descriptor.sql.BasicBinder      : binding parameter [1] as [VARCHAR] - [null]
2020-05-21 18:55:25.692  INFO 867 --- [    Test worker] p6spy                                    : #1590054925692 | took 1ms | statement | connection 11| url jdbc:h2:mem:testdb
select member0_.member_id as member_i1_3_, member0_.department as departme2_3_, member0_.email_address as email_ad3_3_, member0_.first_name as first_na4_3_, member0_.group_allocation as group_al5_3_, member0_.last_name as last_nam6_3_, member0_.name as name7_3_, member0_.notes as notes8_3_, member0_.pathway as pathway9_3_, member0_.priority as priorit10_3_, member0_.research_group as researc11_3_, member0_.role as role12_3_, member0_.status as status13_3_, member0_.supervisor as supervi14_3_ from member member0_ where member0_.name=?
select member0_.member_id as member_i1_3_, member0_.department as departme2_3_, member0_.email_address as email_ad3_3_, member0_.first_name as first_na4_3_, member0_.group_allocation as group_al5_3_, member0_.last_name as last_nam6_3_, member0_.name as name7_3_, member0_.notes as notes8_3_, member0_.pathway as pathway9_3_, member0_.priority as priorit10_3_, member0_.research_group as researc11_3_, member0_.role as role12_3_, member0_.status as status13_3_, member0_.supervisor as supervi14_3_ from member member0_ where member0_.name=NULL;
2020-05-21 18:55:25.693 DEBUG 867 --- [    Test worker] org.hibernate.SQL                        : select member0_.member_id as member_i1_3_, member0_.department as departme2_3_, member0_.email_address as email_ad3_3_, member0_.first_name as first_na4_3_, member0_.group_allocation as group_al5_3_, member0_.last_name as last_nam6_3_, member0_.name as name7_3_, member0_.notes as notes8_3_, member0_.pathway as pathway9_3_, member0_.priority as priorit10_3_, member0_.research_group as researc11_3_, member0_.role as role12_3_, member0_.status as status13_3_, member0_.supervisor as supervi14_3_ from member member0_ where member0_.email_address=?
2020-05-21 18:55:25.694 TRACE 867 --- [    Test worker] o.h.type.descriptor.sql.BasicBinder      : binding parameter [1] as [VARCHAR] - [jp17528]
2020-05-21 18:55:25.695  INFO 867 --- [    Test worker] p6spy                                    : #1590054925695 | took 0ms | statement | connection 11| url jdbc:h2:mem:testdb
select member0_.member_id as member_i1_3_, member0_.department as departme2_3_, member0_.email_address as email_ad3_3_, member0_.first_name as first_na4_3_, member0_.group_allocation as group_al5_3_, member0_.last_name as last_nam6_3_, member0_.name as name7_3_, member0_.notes as notes8_3_, member0_.pathway as pathway9_3_, member0_.priority as priorit10_3_, member0_.research_group as researc11_3_, member0_.role as role12_3_, member0_.status as status13_3_, member0_.supervisor as supervi14_3_ from member member0_ where member0_.email_address=?
select member0_.member_id as member_i1_3_, member0_.department as departme2_3_, member0_.email_address as email_ad3_3_, member0_.first_name as first_na4_3_, member0_.group_allocation as group_al5_3_, member0_.last_name as last_nam6_3_, member0_.name as name7_3_, member0_.notes as notes8_3_, member0_.pathway as pathway9_3_, member0_.priority as priorit10_3_, member0_.research_group as researc11_3_, member0_.role as role12_3_, member0_.status as status13_3_, member0_.supervisor as supervi14_3_ from member member0_ where member0_.email_address='jp17528';
2020-05-21 18:55:25.696 DEBUG 867 --- [    Test worker] org.hibernate.SQL                        : call next value for hibernate_sequence
2020-05-21 18:55:25.696  INFO 867 --- [    Test worker] p6spy                                    : #1590054925696 | took 0ms | statement | connection 11| url jdbc:h2:mem:testdb
call next value for hibernate_sequence
call next value for hibernate_sequence;
2020-05-21 18:55:25.697 DEBUG 867 --- [    Test worker] org.hibernate.SQL                        : insert into member (department, email_address, first_name, group_allocation, last_name, name, notes, pathway, priority, research_group, role, status, supervisor, member_id) values (?, ?, ?, ?, ?, ?, ?, ?, ?, ?, ?, ?, ?, ?)
2020-05-21 18:55:25.698 TRACE 867 --- [    Test worker] o.h.type.descriptor.sql.BasicBinder      : binding parameter [1] as [VARCHAR] - [null]
2020-05-21 18:55:25.698 TRACE 867 --- [    Test worker] o.h.type.descriptor.sql.BasicBinder      : binding parameter [2] as [VARCHAR] - [jp17528]
2020-05-21 18:55:25.699 TRACE 867 --- [    Test worker] o.h.type.descriptor.sql.BasicBinder      : binding parameter [3] as [VARCHAR] - [null]
2020-05-21 18:55:25.699 TRACE 867 --- [    Test worker] o.h.type.descriptor.sql.BasicBinder      : binding parameter [4] as [VARCHAR] - [null]
2020-05-21 18:55:25.699 TRACE 867 --- [    Test worker] o.h.type.descriptor.sql.BasicBinder      : binding parameter [5] as [VARCHAR] - [null]
2020-05-21 18:55:25.699 TRACE 867 --- [    Test worker] o.h.type.descriptor.sql.BasicBinder      : binding parameter [6] as [VARCHAR] - [null]
2020-05-21 18:55:25.699 TRACE 867 --- [    Test worker] o.h.type.descriptor.sql.BasicBinder      : binding parameter [7] as [VARCHAR] - [null]
2020-05-21 18:55:25.701 TRACE 867 --- [    Test worker] o.h.type.descriptor.sql.BasicBinder      : binding parameter [8] as [VARCHAR] - [null]
2020-05-21 18:55:25.701 TRACE 867 --- [    Test worker] o.h.type.descriptor.sql.BasicBinder      : binding parameter [9] as [VARCHAR] - [null]
2020-05-21 18:55:25.701 TRACE 867 --- [    Test worker] o.h.type.descriptor.sql.BasicBinder      : binding parameter [10] as [VARCHAR] - [null]
2020-05-21 18:55:25.702 TRACE 867 --- [    Test worker] o.h.type.descriptor.sql.BasicBinder      : binding parameter [11] as [VARCHAR] - [null]
2020-05-21 18:55:25.702 TRACE 867 --- [    Test worker] o.h.type.descriptor.sql.BasicBinder      : binding parameter [13] as [VARCHAR] - [null]
2020-05-21 18:55:25.702 TRACE 867 --- [    Test worker] o.h.type.descriptor.sql.BasicBinder      : binding parameter [14] as [BIGINT] - [12]
2020-05-21 18:55:25.703  INFO 867 --- [    Test worker] p6spy                                    : #1590054925703 | took 0ms | statement | connection 11| url jdbc:h2:mem:testdb
insert into member (department, email_address, first_name, group_allocation, last_name, name, notes, pathway, priority, research_group, role, status, supervisor, member_id) values (?, ?, ?, ?, ?, ?, ?, ?, ?, ?, ?, ?, ?, ?)
insert into member (department, email_address, first_name, group_allocation, last_name, name, notes, pathway, priority, research_group, role, status, supervisor, member_id) values (NULL, 'jp17528', NULL, NULL, NULL, NULL, NULL, NULL, NULL, NULL, NULL, NULL, NULL, 12);
2020-05-21 18:55:25.704 DEBUG 867 --- [    Test worker] org.hibernate.SQL                        : select member0_.member_id as member_i1_3_, member0_.department as departme2_3_, member0_.email_address as email_ad3_3_, member0_.first_name as first_na4_3_, member0_.group_allocation as group_al5_3_, member0_.last_name as last_nam6_3_, member0_.name as name7_3_, member0_.notes as notes8_3_, member0_.pathway as pathway9_3_, member0_.priority as priorit10_3_, member0_.research_group as researc11_3_, member0_.role as role12_3_, member0_.status as status13_3_, member0_.supervisor as supervi14_3_ from member member0_ where member0_.name=?
2020-05-21 18:55:25.704 TRACE 867 --- [    Test worker] o.h.type.descriptor.sql.BasicBinder      : binding parameter [1] as [VARCHAR] - [null]
2020-05-21 18:55:25.704  INFO 867 --- [    Test worker] p6spy                                    : #1590054925704 | took 0ms | statement | connection 11| url jdbc:h2:mem:testdb
select member0_.member_id as member_i1_3_, member0_.department as departme2_3_, member0_.email_address as email_ad3_3_, member0_.first_name as first_na4_3_, member0_.group_allocation as group_al5_3_, member0_.last_name as last_nam6_3_, member0_.name as name7_3_, member0_.notes as notes8_3_, member0_.pathway as pathway9_3_, member0_.priority as priorit10_3_, member0_.research_group as researc11_3_, member0_.role as role12_3_, member0_.status as status13_3_, member0_.supervisor as supervi14_3_ from member member0_ where member0_.name=?
select member0_.member_id as member_i1_3_, member0_.department as departme2_3_, member0_.email_address as email_ad3_3_, member0_.first_name as first_na4_3_, member0_.group_allocation as group_al5_3_, member0_.last_name as last_nam6_3_, member0_.name as name7_3_, member0_.notes as notes8_3_, member0_.pathway as pathway9_3_, member0_.priority as priorit10_3_, member0_.research_group as researc11_3_, member0_.role as role12_3_, member0_.status as status13_3_, member0_.supervisor as supervi14_3_ from member member0_ where member0_.name=NULL;
2020-05-21 18:55:25.705 DEBUG 867 --- [    Test worker] org.hibernate.SQL                        : select member0_.member_id as member_i1_3_, member0_.department as departme2_3_, member0_.email_address as email_ad3_3_, member0_.first_name as first_na4_3_, member0_.group_allocation as group_al5_3_, member0_.last_name as last_nam6_3_, member0_.name as name7_3_, member0_.notes as notes8_3_, member0_.pathway as pathway9_3_, member0_.priority as priorit10_3_, member0_.research_group as researc11_3_, member0_.role as role12_3_, member0_.status as status13_3_, member0_.supervisor as supervi14_3_ from member member0_ where member0_.email_address=?
2020-05-21 18:55:25.706 TRACE 867 --- [    Test worker] o.h.type.descriptor.sql.BasicBinder      : binding parameter [1] as [VARCHAR] - [jp17528]
2020-05-21 18:55:25.706  INFO 867 --- [    Test worker] p6spy                                    : #1590054925706 | took 0ms | statement | connection 11| url jdbc:h2:mem:testdb
select member0_.member_id as member_i1_3_, member0_.department as departme2_3_, member0_.email_address as email_ad3_3_, member0_.first_name as first_na4_3_, member0_.group_allocation as group_al5_3_, member0_.last_name as last_nam6_3_, member0_.name as name7_3_, member0_.notes as notes8_3_, member0_.pathway as pathway9_3_, member0_.priority as priorit10_3_, member0_.research_group as researc11_3_, member0_.role as role12_3_, member0_.status as status13_3_, member0_.supervisor as supervi14_3_ from member member0_ where member0_.email_address=?
select member0_.member_id as member_i1_3_, member0_.department as departme2_3_, member0_.email_address as email_ad3_3_, member0_.first_name as first_na4_3_, member0_.group_allocation as group_al5_3_, member0_.last_name as last_nam6_3_, member0_.name as name7_3_, member0_.notes as notes8_3_, member0_.pathway as pathway9_3_, member0_.priority as priorit10_3_, member0_.research_group as researc11_3_, member0_.role as role12_3_, member0_.status as status13_3_, member0_.supervisor as supervi14_3_ from member member0_ where member0_.email_address='jp17528';
2020-05-21 18:55:25.707 TRACE 867 --- [    Test worker] o.h.type.descriptor.sql.BasicExtractor   : extracted value ([member_i1_3_] : [BIGINT]) - [12]
2020-05-21 18:55:25.710  INFO 867 --- [    Test worker] p6spy                                    : #1590054925710 | took 0ms | rollback | connection 11| url jdbc:h2:mem:testdb

;
2020-05-21 18:55:25.710  INFO 867 --- [    Test worker] o.s.t.c.transaction.TransactionContext   : Rolled back transaction for test: [DefaultTestContext@586d36c0 testClass = MemberServiceTest, testInstance = jpabook.jpashop.service.MemberServiceTest@695a8f0e, testMethod = DUPLICATED_REGISTER_MEMBER_EMAIL_ADDRESS@MemberServiceTest, testException = [null], mergedContextConfiguration = [WebMergedContextConfiguration@4033aaf testClass = MemberServiceTest, locations = '{}', classes = '{class jpabook.jpashop.JpashopApplication}', contextInitializerClasses = '[]', activeProfiles = '{}', propertySourceLocations = '{}', propertySourceProperties = '{org.springframework.boot.test.context.SpringBootTestContextBootstrapper=true}', contextCustomizers = set[org.springframework.boot.test.autoconfigure.properties.PropertyMappingContextCustomizer@0, org.springframework.boot.test.autoconfigure.web.servlet.WebDriverContextCustomizerFactory$Customizer@68d358ff, org.springframework.boot.test.context.filter.ExcludeFilterContextCustomizer@5865d8de, org.springframework.boot.test.json.DuplicateJsonObjectContextCustomizerFactory$DuplicateJsonObjectContextCustomizer@65f77f9e, org.springframework.boot.test.mock.mockito.MockitoContextCustomizer@0, org.springframework.boot.test.web.client.TestRestTemplateContextCustomizer@289c7f3a], resourceBasePath = 'src/main/webapp', contextLoader = 'org.springframework.boot.test.context.SpringBootContextLoader', parent = [null]], attributes = map['org.springframework.test.context.web.ServletTestExecutionListener.activateListener' -> true, 'org.springframework.test.context.web.ServletTestExecutionListener.populatedRequestContextHolder' -> true, 'org.springframework.test.context.web.ServletTestExecutionListener.resetRequestContextHolder' -> true]]
]]></system-out>
  <system-err><![CDATA[]]></system-err>
</testsuite>
