<?xml version="1.0" encoding="UTF-8"?>
<testsuite name="jpabook.jpashop.JpaShopApplicationTests" tests="1" skipped="0" failures="0" errors="0" timestamp="2020-05-21T09:55:25" hostname="MacBook-Pro.local" time="0.003">
  <properties/>
  <testcase name="contextLoads" classname="jpabook.jpashop.JpaShopApplicationTests" time="0.003"/>
  <system-out><![CDATA[2020-05-21 18:55:25.777  INFO 867 --- [    Test worker] .b.t.c.SpringBootTestContextBootstrapper : Neither @ContextConfiguration nor @ContextHierarchy found for test class [jpabook.jpashop.JpaShopApplicationTests], using SpringBootContextLoader
2020-05-21 18:55:25.778  INFO 867 --- [    Test worker] o.s.t.c.support.AbstractContextLoader    : Could not detect default resource locations for test class [jpabook.jpashop.JpaShopApplicationTests]: no resource found for suffixes {-context.xml, Context.groovy}.
2020-05-21 18:55:25.779  INFO 867 --- [    Test worker] t.c.s.AnnotationConfigContextLoaderUtils : Could not detect default configuration classes for test class [jpabook.jpashop.JpaShopApplicationTests]: JpaShopApplicationTests does not declare any static, non-private, non-final, nested classes annotated with @Configuration.
2020-05-21 18:55:25.784  INFO 867 --- [    Test worker] .b.t.c.SpringBootTestContextBootstrapper : Found @SpringBootConfiguration jpabook.jpashop.JpashopApplication for test class jpabook.jpashop.JpaShopApplicationTests
2020-05-21 18:55:25.786  INFO 867 --- [    Test worker] .b.t.c.SpringBootTestContextBootstrapper : Loaded default TestExecutionListener class names from location [META-INF/spring.factories]: [org.springframework.security.test.context.support.WithSecurityContextTestExecutionListener, org.springframework.security.test.context.support.ReactorContextTestExecutionListener, org.springframework.boot.test.autoconfigure.restdocs.RestDocsTestExecutionListener, org.springframework.boot.test.autoconfigure.web.client.MockRestServiceServerResetTestExecutionListener, org.springframework.boot.test.autoconfigure.web.servlet.MockMvcPrintOnlyOnFailureTestExecutionListener, org.springframework.boot.test.autoconfigure.web.servlet.WebDriverTestExecutionListener, org.springframework.boot.test.mock.mockito.MockitoTestExecutionListener, org.springframework.boot.test.mock.mockito.ResetMocksTestExecutionListener, org.springframework.test.context.web.ServletTestExecutionListener, org.springframework.test.context.support.DirtiesContextBeforeModesTestExecutionListener, org.springframework.test.context.support.DependencyInjectionTestExecutionListener, org.springframework.test.context.support.DirtiesContextTestExecutionListener, org.springframework.test.context.transaction.TransactionalTestExecutionListener, org.springframework.test.context.jdbc.SqlScriptsTestExecutionListener]
2020-05-21 18:55:25.786  INFO 867 --- [    Test worker] .b.t.c.SpringBootTestContextBootstrapper : Using TestExecutionListeners: [org.springframework.test.context.web.ServletTestExecutionListener@199694e1, org.springframework.test.context.support.DirtiesContextBeforeModesTestExecutionListener@7b0b9538, org.springframework.boot.test.mock.mockito.MockitoTestExecutionListener@19cdf18a, org.springframework.boot.test.autoconfigure.SpringBootDependencyInjectionTestExecutionListener@20fc88b1, org.springframework.test.context.support.DirtiesContextTestExecutionListener@de031d3, org.springframework.test.context.transaction.TransactionalTestExecutionListener@2ae5d702, org.springframework.test.context.jdbc.SqlScriptsTestExecutionListener@5cd23275, org.springframework.security.test.context.support.WithSecurityContextTestExecutionListener@182f805e, org.springframework.security.test.context.support.ReactorContextTestExecutionListener@14cd4421, org.springframework.boot.test.autoconfigure.restdocs.RestDocsTestExecutionListener@1094cc7d, org.springframework.boot.test.autoconfigure.web.client.MockRestServiceServerResetTestExecutionListener@5d180580, org.springframework.boot.test.autoconfigure.web.servlet.MockMvcPrintOnlyOnFailureTestExecutionListener@3951530d, org.springframework.boot.test.autoconfigure.web.servlet.WebDriverTestExecutionListener@4743f44a, org.springframework.boot.test.mock.mockito.ResetMocksTestExecutionListener@71823ffb]
]]></system-out>
  <system-err><![CDATA[]]></system-err>
</testsuite>
